 * Serving Flask app 'app'
 * Debug mode: on
[31m[1mWARNING: This is a development server. Do not use it in a production deployment. Use a production WSGI server instead.[0m
 * Running on http://127.0.0.1:5000
[33mPress CTRL+C to quit[0m
 * Restarting with stat
 * Debugger is active!
 * Debugger PIN: 594-252-622
127.0.0.1 - - [03/Apr/2026 21:48:22] "[35m[1mGET /health HTTP/1.1[0m" 500 -
Traceback (most recent call last):
  File "/Users/einav/Repos/pe-hackathon-2026-einav/.venv/lib/python3.13/site-packages/peewee.py", line 3296, in connect
    self._state.set_connection(self._connect())
                               ~~~~~~~~~~~~~^^
  File "/Users/einav/Repos/pe-hackathon-2026-einav/.venv/lib/python3.13/site-packages/peewee.py", line 4158, in _connect
    conn = self._adapter.connect(self, **self.connect_params)
  File "/Users/einav/Repos/pe-hackathon-2026-einav/.venv/lib/python3.13/site-packages/peewee.py", line 4019, in connect
    conn = psycopg2.connect(**params)
  File "/Users/einav/Repos/pe-hackathon-2026-einav/.venv/lib/python3.13/site-packages/psycopg2/__init__.py", line 122, in connect
    conn = _connect(dsn, connection_factory=connection_factory, **kwasync)
psycopg2.OperationalError: connection to server at "localhost" (::1), port 5432 failed: Connection refused
	Is the server running on that host and accepting TCP/IP connections?
connection to server at "localhost" (127.0.0.1), port 5432 failed: Connection refused
	Is the server running on that host and accepting TCP/IP connections?


During handling of the above exception, another exception occurred:

Traceback (most recent call last):
  File "/Users/einav/Repos/pe-hackathon-2026-einav/.venv/lib/python3.13/site-packages/flask/app.py", line 1536, in __call__
    return self.wsgi_app(environ, start_response)
           ~~~~~~~~~~~~~^^^^^^^^^^^^^^^^^^^^^^^^^
  File "/Users/einav/Repos/pe-hackathon-2026-einav/.venv/lib/python3.13/site-packages/flask/app.py", line 1514, in wsgi_app
    response = self.handle_exception(e)
  File "/Users/einav/Repos/pe-hackathon-2026-einav/.venv/lib/python3.13/site-packages/flask/app.py", line 1511, in wsgi_app
    response = self.full_dispatch_request()
  File "/Users/einav/Repos/pe-hackathon-2026-einav/.venv/lib/python3.13/site-packages/flask/app.py", line 919, in full_dispatch_request
    rv = self.handle_user_exception(e)
  File "/Users/einav/Repos/pe-hackathon-2026-einav/.venv/lib/python3.13/site-packages/flask/app.py", line 915, in full_dispatch_request
    rv = self.preprocess_request()
  File "/Users/einav/Repos/pe-hackathon-2026-einav/.venv/lib/python3.13/site-packages/flask/app.py", line 1291, in preprocess_request
    rv = self.ensure_sync(before_func)()
  File "/Users/einav/Repos/pe-hackathon-2026-einav/app/database.py", line 25, in _db_connect
    db.connect(reuse_if_open=True)
    ~~~~~~~~~~^^^^^^^^^^^^^^^^^^^^
  File "/Users/einav/Repos/pe-hackathon-2026-einav/.venv/lib/python3.13/site-packages/peewee.py", line 3295, in connect
    with __exception_wrapper__:
         ^^^^^^^^^^^^^^^^^^^^^
  File "/Users/einav/Repos/pe-hackathon-2026-einav/.venv/lib/python3.13/site-packages/peewee.py", line 3121, in __exit__
    reraise(new_type, new_type(exc_value, *exc_args), traceback)
    ~~~~~~~^^^^^^^^^^^^^^^^^^^^^^^^^^^^^^^^^^^^^^^^^^^^^^^^^^^^^
  File "/Users/einav/Repos/pe-hackathon-2026-einav/.venv/lib/python3.13/site-packages/peewee.py", line 164, in reraise
    raise value.with_traceback(tb)
  File "/Users/einav/Repos/pe-hackathon-2026-einav/.venv/lib/python3.13/site-packages/peewee.py", line 3296, in connect
    self._state.set_connection(self._connect())
                               ~~~~~~~~~~~~~^^
  File "/Users/einav/Repos/pe-hackathon-2026-einav/.venv/lib/python3.13/site-packages/peewee.py", line 4158, in _connect
    conn = self._adapter.connect(self, **self.connect_params)
  File "/Users/einav/Repos/pe-hackathon-2026-einav/.venv/lib/python3.13/site-packages/peewee.py", line 4019, in connect
    conn = psycopg2.connect(**params)
  File "/Users/einav/Repos/pe-hackathon-2026-einav/.venv/lib/python3.13/site-packages/psycopg2/__init__.py", line 122, in connect
    conn = _connect(dsn, connection_factory=connection_factory, **kwasync)
peewee.OperationalError: connection to server at "localhost" (::1), port 5432 failed: Connection refused
	Is the server running on that host and accepting TCP/IP connections?
connection to server at "localhost" (127.0.0.1), port 5432 failed: Connection refused
	Is the server running on that host and accepting TCP/IP connections?

